[      94ms] [LOG] [CV] loading ./opencv.js @ http://localhost:5173/src/session/store.ts:34
[     104ms] [LOG] [CV] progress fetch started, Content-Length: 4097780 @ http://localhost:5173/src/session/store.ts:59
[     147ms] [LOG] [CV] script loaded, waiting for WASM init… @ http://localhost:5173/src/session/store.ts:39
[     160ms] [LOG] [CV] ready @ http://localhost:5173/src/session/store.ts:42
[   15691ms] [WARNING] Low-confidence digit read in (row=0,col=0) @ http://localhost:5173/src/image/inpImage.ts:295
[   15692ms] [WARNING] Low-confidence digit read in (row=0,col=1) @ http://localhost:5173/src/image/inpImage.ts:295
[   15692ms] [WARNING] Low-confidence digit read in (row=0,col=1) @ http://localhost:5173/src/image/inpImage.ts:295
[   15693ms] [WARNING] Low-confidence digit read in (row=0,col=4) @ http://localhost:5173/src/image/inpImage.ts:295
[   15693ms] [WARNING] Low-confidence digit read in (row=0,col=4) @ http://localhost:5173/src/image/inpImage.ts:295
[   15694ms] [WARNING] Low-confidence digit read in (row=0,col=6) @ http://localhost:5173/src/image/inpImage.ts:295
[   15694ms] [WARNING] Low-confidence digit read in (row=0,col=6) @ http://localhost:5173/src/image/inpImage.ts:295
[   15694ms] [WARNING] Low-confidence digit read in (row=0,col=7) @ http://localhost:5173/src/image/inpImage.ts:295
[   15694ms] [WARNING] Low-confidence digit read in (row=0,col=7) @ http://localhost:5173/src/image/inpImage.ts:295
[   15695ms] [WARNING] Low-confidence digit read in (row=1,col=2) @ http://localhost:5173/src/image/inpImage.ts:295
[   15695ms] [WARNING] Low-confidence digit read in (row=1,col=2) @ http://localhost:5173/src/image/inpImage.ts:295
[   15696ms] [WARNING] Low-confidence digit read in (row=1,col=4) @ http://localhost:5173/src/image/inpImage.ts:295
[   15696ms] [WARNING] Low-confidence digit read in (row=2,col=0) @ http://localhost:5173/src/image/inpImage.ts:295
[   15696ms] [WARNING] Low-confidence digit read in (row=2,col=0) @ http://localhost:5173/src/image/inpImage.ts:295
[   15697ms] [WARNING] Low-confidence digit read in (row=2,col=1) @ http://localhost:5173/src/image/inpImage.ts:295
[   15697ms] [WARNING] Low-confidence digit read in (row=2,col=1) @ http://localhost:5173/src/image/inpImage.ts:295
[   15697ms] [WARNING] Low-confidence digit read in (row=2,col=4) @ http://localhost:5173/src/image/inpImage.ts:295
[   15698ms] [WARNING] Low-confidence digit read in (row=2,col=6) @ http://localhost:5173/src/image/inpImage.ts:295
[   15698ms] [WARNING] Low-confidence digit read in (row=2,col=6) @ http://localhost:5173/src/image/inpImage.ts:295
[   15699ms] [WARNING] Low-confidence digit read in (row=2,col=7) @ http://localhost:5173/src/image/inpImage.ts:295
[   15699ms] [WARNING] Low-confidence digit read in (row=2,col=7) @ http://localhost:5173/src/image/inpImage.ts:295
[   15699ms] [WARNING] Low-confidence digit read in (row=3,col=2) @ http://localhost:5173/src/image/inpImage.ts:295
[   15700ms] [WARNING] Low-confidence digit read in (row=3,col=3) @ http://localhost:5173/src/image/inpImage.ts:295
[   15700ms] [WARNING] Low-confidence digit read in (row=4,col=0) @ http://localhost:5173/src/image/inpImage.ts:295
[   15700ms] [WARNING] Low-confidence digit read in (row=4,col=0) @ http://localhost:5173/src/image/inpImage.ts:295
[   15701ms] [WARNING] Low-confidence digit read in (row=4,col=1) @ http://localhost:5173/src/image/inpImage.ts:295
[   15701ms] [WARNING] Low-confidence digit read in (row=4,col=1) @ http://localhost:5173/src/image/inpImage.ts:295
[   15701ms] [WARNING] Low-confidence digit read in (row=4,col=3) @ http://localhost:5173/src/image/inpImage.ts:295
[   15701ms] [WARNING] Low-confidence digit read in (row=4,col=3) @ http://localhost:5173/src/image/inpImage.ts:295
[   15701ms] [WARNING] Low-confidence digit read in (row=4,col=4) @ http://localhost:5173/src/image/inpImage.ts:295
[   15701ms] [WARNING] Low-confidence digit read in (row=4,col=4) @ http://localhost:5173/src/image/inpImage.ts:295
[   15702ms] [WARNING] Low-confidence digit read in (row=4,col=5) @ http://localhost:5173/src/image/inpImage.ts:295
[   15702ms] [WARNING] Low-confidence digit read in (row=4,col=5) @ http://localhost:5173/src/image/inpImage.ts:295
[   15702ms] [WARNING] Low-confidence digit read in (row=4,col=6) @ http://localhost:5173/src/image/inpImage.ts:295
[   15703ms] [WARNING] Low-confidence digit read in (row=5,col=6) @ http://localhost:5173/src/image/inpImage.ts:295
[   15703ms] [WARNING] Low-confidence digit read in (row=5,col=6) @ http://localhost:5173/src/image/inpImage.ts:295
[   15703ms] [WARNING] Low-confidence digit read in (row=5,col=7) @ http://localhost:5173/src/image/inpImage.ts:295
[   15703ms] [WARNING] Low-confidence digit read in (row=6,col=0) @ http://localhost:5173/src/image/inpImage.ts:295
[   15703ms] [WARNING] Low-confidence digit read in (row=6,col=0) @ http://localhost:5173/src/image/inpImage.ts:295
[   15703ms] [WARNING] Low-confidence digit read in (row=6,col=2) @ http://localhost:5173/src/image/inpImage.ts:295
[   15704ms] [WARNING] Low-confidence digit read in (row=6,col=8) @ http://localhost:5173/src/image/inpImage.ts:295
[   15704ms] [WARNING] Low-confidence digit read in (row=6,col=8) @ http://localhost:5173/src/image/inpImage.ts:295
[   15704ms] [WARNING] Low-confidence digit read in (row=7,col=2) @ http://localhost:5173/src/image/inpImage.ts:295
[   15705ms] [WARNING] Low-confidence digit read in (row=7,col=4) @ http://localhost:5173/src/image/inpImage.ts:295
[   15705ms] [WARNING] Low-confidence digit read in (row=7,col=4) @ http://localhost:5173/src/image/inpImage.ts:295
[   15705ms] [WARNING] Low-confidence digit read in (row=7,col=6) @ http://localhost:5173/src/image/inpImage.ts:295
[   15705ms] [WARNING] Low-confidence digit read in (row=7,col=6) @ http://localhost:5173/src/image/inpImage.ts:295
[   15705ms] [WARNING] Low-confidence digit read in (row=8,col=0) @ http://localhost:5173/src/image/inpImage.ts:295
[   15705ms] [WARNING] Low-confidence digit read in (row=8,col=0) @ http://localhost:5173/src/image/inpImage.ts:295
[   15706ms] [WARNING] Low-confidence digit read in (row=8,col=7) @ http://localhost:5173/src/image/inpImage.ts:295
[   15726ms] [WARNING] Low-confidence digit read in (row=0,col=0) @ http://localhost:5173/src/image/inpImage.ts:295
[   15727ms] [WARNING] Low-confidence digit read in (row=0,col=1) @ http://localhost:5173/src/image/inpImage.ts:295
[   15727ms] [WARNING] Low-confidence digit read in (row=0,col=1) @ http://localhost:5173/src/image/inpImage.ts:295
[   15727ms] [WARNING] Low-confidence digit read in (row=0,col=4) @ http://localhost:5173/src/image/inpImage.ts:295
[   15727ms] [WARNING] Low-confidence digit read in (row=0,col=4) @ http://localhost:5173/src/image/inpImage.ts:295
[   15728ms] [WARNING] Low-confidence digit read in (row=0,col=6) @ http://localhost:5173/src/image/inpImage.ts:295
[   15728ms] [WARNING] Low-confidence digit read in (row=0,col=6) @ http://localhost:5173/src/image/inpImage.ts:295
[   15728ms] [WARNING] Low-confidence digit read in (row=0,col=7) @ http://localhost:5173/src/image/inpImage.ts:295
[   15728ms] [WARNING] Low-confidence digit read in (row=0,col=7) @ http://localhost:5173/src/image/inpImage.ts:295
[   15729ms] [WARNING] Low-confidence digit read in (row=1,col=2) @ http://localhost:5173/src/image/inpImage.ts:295
[   15729ms] [WARNING] Low-confidence digit read in (row=1,col=2) @ http://localhost:5173/src/image/inpImage.ts:295
[   15730ms] [WARNING] Low-confidence digit read in (row=1,col=4) @ http://localhost:5173/src/image/inpImage.ts:295
[   15731ms] [WARNING] Low-confidence digit read in (row=2,col=0) @ http://localhost:5173/src/image/inpImage.ts:295
[   15731ms] [WARNING] Low-confidence digit read in (row=2,col=0) @ http://localhost:5173/src/image/inpImage.ts:295
[   15731ms] [WARNING] Low-confidence digit read in (row=2,col=1) @ http://localhost:5173/src/image/inpImage.ts:295
[   15731ms] [WARNING] Low-confidence digit read in (row=2,col=1) @ http://localhost:5173/src/image/inpImage.ts:295
[   15731ms] [WARNING] Low-confidence digit read in (row=2,col=4) @ http://localhost:5173/src/image/inpImage.ts:295
[   15732ms] [WARNING] Low-confidence digit read in (row=2,col=6) @ http://localhost:5173/src/image/inpImage.ts:295
[   15732ms] [WARNING] Low-confidence digit read in (row=2,col=6) @ http://localhost:5173/src/image/inpImage.ts:295
[   15732ms] [WARNING] Low-confidence digit read in (row=2,col=7) @ http://localhost:5173/src/image/inpImage.ts:295
[   15732ms] [WARNING] Low-confidence digit read in (row=2,col=7) @ http://localhost:5173/src/image/inpImage.ts:295
[   15733ms] [WARNING] Low-confidence digit read in (row=3,col=2) @ http://localhost:5173/src/image/inpImage.ts:295
[   15733ms] [WARNING] Low-confidence digit read in (row=3,col=3) @ http://localhost:5173/src/image/inpImage.ts:295
[   15733ms] [WARNING] Low-confidence digit read in (row=4,col=0) @ http://localhost:5173/src/image/inpImage.ts:295
[   15733ms] [WARNING] Low-confidence digit read in (row=4,col=0) @ http://localhost:5173/src/image/inpImage.ts:295
[   15734ms] [WARNING] Low-confidence digit read in (row=4,col=1) @ http://localhost:5173/src/image/inpImage.ts:295
[   15734ms] [WARNING] Low-confidence digit read in (row=4,col=1) @ http://localhost:5173/src/image/inpImage.ts:295
[   15735ms] [WARNING] Low-confidence digit read in (row=4,col=3) @ http://localhost:5173/src/image/inpImage.ts:295
[   15735ms] [WARNING] Low-confidence digit read in (row=4,col=3) @ http://localhost:5173/src/image/inpImage.ts:295
[   15735ms] [WARNING] Low-confidence digit read in (row=4,col=4) @ http://localhost:5173/src/image/inpImage.ts:295
[   15735ms] [WARNING] Low-confidence digit read in (row=4,col=4) @ http://localhost:5173/src/image/inpImage.ts:295
[   15736ms] [WARNING] Low-confidence digit read in (row=4,col=5) @ http://localhost:5173/src/image/inpImage.ts:295
[   15736ms] [WARNING] Low-confidence digit read in (row=4,col=5) @ http://localhost:5173/src/image/inpImage.ts:295
[   15736ms] [WARNING] Low-confidence digit read in (row=4,col=6) @ http://localhost:5173/src/image/inpImage.ts:295
[   15736ms] [WARNING] Low-confidence digit read in (row=5,col=6) @ http://localhost:5173/src/image/inpImage.ts:295
[   15736ms] [WARNING] Low-confidence digit read in (row=5,col=6) @ http://localhost:5173/src/image/inpImage.ts:295
[   15737ms] [WARNING] Low-confidence digit read in (row=5,col=7) @ http://localhost:5173/src/image/inpImage.ts:295
[   15737ms] [WARNING] Low-confidence digit read in (row=6,col=0) @ http://localhost:5173/src/image/inpImage.ts:295
[   15737ms] [WARNING] Low-confidence digit read in (row=6,col=0) @ http://localhost:5173/src/image/inpImage.ts:295
[   15738ms] [WARNING] Low-confidence digit read in (row=6,col=2) @ http://localhost:5173/src/image/inpImage.ts:295
[   15738ms] [WARNING] Low-confidence digit read in (row=6,col=8) @ http://localhost:5173/src/image/inpImage.ts:295
[   15738ms] [WARNING] Low-confidence digit read in (row=6,col=8) @ http://localhost:5173/src/image/inpImage.ts:295
[   15738ms] [WARNING] Low-confidence digit read in (row=7,col=2) @ http://localhost:5173/src/image/inpImage.ts:295
[   15739ms] [WARNING] Low-confidence digit read in (row=7,col=4) @ http://localhost:5173/src/image/inpImage.ts:295
[   15739ms] [WARNING] Low-confidence digit read in (row=7,col=4) @ http://localhost:5173/src/image/inpImage.ts:295
[   15739ms] [WARNING] Low-confidence digit read in (row=7,col=6) @ http://localhost:5173/src/image/inpImage.ts:295
[   15739ms] [WARNING] Low-confidence digit read in (row=7,col=6) @ http://localhost:5173/src/image/inpImage.ts:295
[   15740ms] [WARNING] Low-confidence digit read in (row=8,col=0) @ http://localhost:5173/src/image/inpImage.ts:295
[   15740ms] [WARNING] Low-confidence digit read in (row=8,col=0) @ http://localhost:5173/src/image/inpImage.ts:295
[   15740ms] [WARNING] Low-confidence digit read in (row=8,col=7) @ http://localhost:5173/src/image/inpImage.ts:295
[   15761ms] [WARNING] Low-confidence digit read in (row=0,col=0) @ http://localhost:5173/src/image/inpImage.ts:295
[   15762ms] [WARNING] Low-confidence digit read in (row=0,col=1) @ http://localhost:5173/src/image/inpImage.ts:295
[   15762ms] [WARNING] Low-confidence digit read in (row=0,col=1) @ http://localhost:5173/src/image/inpImage.ts:295
[   15763ms] [WARNING] Low-confidence digit read in (row=0,col=4) @ http://localhost:5173/src/image/inpImage.ts:295
[   15763ms] [WARNING] Low-confidence digit read in (row=0,col=4) @ http://localhost:5173/src/image/inpImage.ts:295
[   15764ms] [WARNING] Low-confidence digit read in (row=0,col=6) @ http://localhost:5173/src/image/inpImage.ts:295
[   15764ms] [WARNING] Low-confidence digit read in (row=0,col=6) @ http://localhost:5173/src/image/inpImage.ts:295
[   15765ms] [WARNING] Low-confidence digit read in (row=0,col=7) @ http://localhost:5173/src/image/inpImage.ts:295
[   15765ms] [WARNING] Low-confidence digit read in (row=0,col=7) @ http://localhost:5173/src/image/inpImage.ts:295
[   15766ms] [WARNING] Low-confidence digit read in (row=1,col=2) @ http://localhost:5173/src/image/inpImage.ts:295
[   15766ms] [WARNING] Low-confidence digit read in (row=1,col=2) @ http://localhost:5173/src/image/inpImage.ts:295
[   15766ms] [WARNING] Low-confidence digit read in (row=1,col=4) @ http://localhost:5173/src/image/inpImage.ts:295
[   15767ms] [WARNING] Low-confidence digit read in (row=2,col=0) @ http://localhost:5173/src/image/inpImage.ts:295
[   15767ms] [WARNING] Low-confidence digit read in (row=2,col=0) @ http://localhost:5173/src/image/inpImage.ts:295
[   15768ms] [WARNING] Low-confidence digit read in (row=2,col=1) @ http://localhost:5173/src/image/inpImage.ts:295
[   15768ms] [WARNING] Low-confidence digit read in (row=2,col=1) @ http://localhost:5173/src/image/inpImage.ts:295
[   15768ms] [WARNING] Low-confidence digit read in (row=2,col=4) @ http://localhost:5173/src/image/inpImage.ts:295
[   15769ms] [WARNING] Low-confidence digit read in (row=2,col=6) @ http://localhost:5173/src/image/inpImage.ts:295
[   15769ms] [WARNING] Low-confidence digit read in (row=2,col=6) @ http://localhost:5173/src/image/inpImage.ts:295
[   15770ms] [WARNING] Low-confidence digit read in (row=2,col=7) @ http://localhost:5173/src/image/inpImage.ts:295
[   15770ms] [WARNING] Low-confidence digit read in (row=2,col=7) @ http://localhost:5173/src/image/inpImage.ts:295
[   15771ms] [WARNING] Low-confidence digit read in (row=3,col=2) @ http://localhost:5173/src/image/inpImage.ts:295
[   15771ms] [WARNING] Low-confidence digit read in (row=3,col=3) @ http://localhost:5173/src/image/inpImage.ts:295
[   15772ms] [WARNING] Low-confidence digit read in (row=4,col=0) @ http://localhost:5173/src/image/inpImage.ts:295
[   15772ms] [WARNING] Low-confidence digit read in (row=4,col=0) @ http://localhost:5173/src/image/inpImage.ts:295
[   15773ms] [WARNING] Low-confidence digit read in (row=4,col=1) @ http://localhost:5173/src/image/inpImage.ts:295
[   15773ms] [WARNING] Low-confidence digit read in (row=4,col=1) @ http://localhost:5173/src/image/inpImage.ts:295
[   15773ms] [WARNING] Low-confidence digit read in (row=4,col=3) @ http://localhost:5173/src/image/inpImage.ts:295
[   15773ms] [WARNING] Low-confidence digit read in (row=4,col=3) @ http://localhost:5173/src/image/inpImage.ts:295
[   15774ms] [WARNING] Low-confidence digit read in (row=4,col=4) @ http://localhost:5173/src/image/inpImage.ts:295
[   15774ms] [WARNING] Low-confidence digit read in (row=4,col=4) @ http://localhost:5173/src/image/inpImage.ts:295
[   15774ms] [WARNING] Low-confidence digit read in (row=4,col=5) @ http://localhost:5173/src/image/inpImage.ts:295
[   15774ms] [WARNING] Low-confidence digit read in (row=4,col=5) @ http://localhost:5173/src/image/inpImage.ts:295
[   15774ms] [WARNING] Low-confidence digit read in (row=4,col=6) @ http://localhost:5173/src/image/inpImage.ts:295
[   15775ms] [WARNING] Low-confidence digit read in (row=5,col=6) @ http://localhost:5173/src/image/inpImage.ts:295
[   15775ms] [WARNING] Low-confidence digit read in (row=5,col=6) @ http://localhost:5173/src/image/inpImage.ts:295
[   15775ms] [WARNING] Low-confidence digit read in (row=5,col=7) @ http://localhost:5173/src/image/inpImage.ts:295
[   15775ms] [WARNING] Low-confidence digit read in (row=6,col=0) @ http://localhost:5173/src/image/inpImage.ts:295
[   15775ms] [WARNING] Low-confidence digit read in (row=6,col=0) @ http://localhost:5173/src/image/inpImage.ts:295
[   15775ms] [WARNING] Low-confidence digit read in (row=6,col=2) @ http://localhost:5173/src/image/inpImage.ts:295
[   15776ms] [WARNING] Low-confidence digit read in (row=6,col=8) @ http://localhost:5173/src/image/inpImage.ts:295
[   15776ms] [WARNING] Low-confidence digit read in (row=6,col=8) @ http://localhost:5173/src/image/inpImage.ts:295
[   15776ms] [WARNING] Low-confidence digit read in (row=7,col=2) @ http://localhost:5173/src/image/inpImage.ts:295
[   15777ms] [WARNING] Low-confidence digit read in (row=7,col=4) @ http://localhost:5173/src/image/inpImage.ts:295
[   15777ms] [WARNING] Low-confidence digit read in (row=7,col=4) @ http://localhost:5173/src/image/inpImage.ts:295
[   15777ms] [WARNING] Low-confidence digit read in (row=7,col=6) @ http://localhost:5173/src/image/inpImage.ts:295
[   15777ms] [WARNING] Low-confidence digit read in (row=7,col=6) @ http://localhost:5173/src/image/inpImage.ts:295
[   15777ms] [WARNING] Low-confidence digit read in (row=8,col=0) @ http://localhost:5173/src/image/inpImage.ts:295
[   15777ms] [WARNING] Low-confidence digit read in (row=8,col=0) @ http://localhost:5173/src/image/inpImage.ts:295
[   15778ms] [WARNING] Low-confidence digit read in (row=8,col=7) @ http://localhost:5173/src/image/inpImage.ts:295
