[      70ms] [LOG] [CV] loading ./opencv.js @ http://localhost:5173/src/session/store.ts:34
[      75ms] [LOG] [CV] progress fetch started, Content-Length: 4097780 @ http://localhost:5173/src/session/store.ts:59
[     111ms] [LOG] [CV] script loaded, waiting for WASM init… @ http://localhost:5173/src/session/store.ts:39
[     124ms] [LOG] [CV] ready @ http://localhost:5173/src/session/store.ts:42
[   14372ms] [WARNING] Low-confidence digit read in (row=0,col=0) @ http://localhost:5173/src/image/inpImage.ts:295
[   14373ms] [WARNING] Low-confidence digit read in (row=0,col=1) @ http://localhost:5173/src/image/inpImage.ts:295
[   14373ms] [WARNING] Low-confidence digit read in (row=0,col=1) @ http://localhost:5173/src/image/inpImage.ts:295
[   14374ms] [WARNING] Low-confidence digit read in (row=0,col=4) @ http://localhost:5173/src/image/inpImage.ts:295
[   14375ms] [WARNING] Low-confidence digit read in (row=0,col=4) @ http://localhost:5173/src/image/inpImage.ts:295
[   14375ms] [WARNING] Low-confidence digit read in (row=0,col=6) @ http://localhost:5173/src/image/inpImage.ts:295
[   14375ms] [WARNING] Low-confidence digit read in (row=0,col=6) @ http://localhost:5173/src/image/inpImage.ts:295
[   14376ms] [WARNING] Low-confidence digit read in (row=0,col=7) @ http://localhost:5173/src/image/inpImage.ts:295
[   14376ms] [WARNING] Low-confidence digit read in (row=0,col=7) @ http://localhost:5173/src/image/inpImage.ts:295
[   14377ms] [WARNING] Low-confidence digit read in (row=1,col=2) @ http://localhost:5173/src/image/inpImage.ts:295
[   14377ms] [WARNING] Low-confidence digit read in (row=1,col=2) @ http://localhost:5173/src/image/inpImage.ts:295
[   14377ms] [WARNING] Low-confidence digit read in (row=1,col=4) @ http://localhost:5173/src/image/inpImage.ts:295
[   14377ms] [WARNING] Low-confidence digit read in (row=2,col=0) @ http://localhost:5173/src/image/inpImage.ts:295
[   14377ms] [WARNING] Low-confidence digit read in (row=2,col=0) @ http://localhost:5173/src/image/inpImage.ts:295
[   14378ms] [WARNING] Low-confidence digit read in (row=2,col=1) @ http://localhost:5173/src/image/inpImage.ts:295
[   14378ms] [WARNING] Low-confidence digit read in (row=2,col=1) @ http://localhost:5173/src/image/inpImage.ts:295
[   14378ms] [WARNING] Low-confidence digit read in (row=2,col=4) @ http://localhost:5173/src/image/inpImage.ts:295
[   14379ms] [WARNING] Low-confidence digit read in (row=2,col=6) @ http://localhost:5173/src/image/inpImage.ts:295
[   14379ms] [WARNING] Low-confidence digit read in (row=2,col=6) @ http://localhost:5173/src/image/inpImage.ts:295
[   14379ms] [WARNING] Low-confidence digit read in (row=2,col=7) @ http://localhost:5173/src/image/inpImage.ts:295
[   14379ms] [WARNING] Low-confidence digit read in (row=2,col=7) @ http://localhost:5173/src/image/inpImage.ts:295
[   14380ms] [WARNING] Low-confidence digit read in (row=3,col=2) @ http://localhost:5173/src/image/inpImage.ts:295
[   14380ms] [WARNING] Low-confidence digit read in (row=3,col=3) @ http://localhost:5173/src/image/inpImage.ts:295
[   14381ms] [WARNING] Low-confidence digit read in (row=4,col=0) @ http://localhost:5173/src/image/inpImage.ts:295
[   14381ms] [WARNING] Low-confidence digit read in (row=4,col=0) @ http://localhost:5173/src/image/inpImage.ts:295
[   14382ms] [WARNING] Low-confidence digit read in (row=4,col=1) @ http://localhost:5173/src/image/inpImage.ts:295
[   14382ms] [WARNING] Low-confidence digit read in (row=4,col=1) @ http://localhost:5173/src/image/inpImage.ts:295
[   14383ms] [WARNING] Low-confidence digit read in (row=4,col=3) @ http://localhost:5173/src/image/inpImage.ts:295
[   14383ms] [WARNING] Low-confidence digit read in (row=4,col=3) @ http://localhost:5173/src/image/inpImage.ts:295
[   14383ms] [WARNING] Low-confidence digit read in (row=4,col=4) @ http://localhost:5173/src/image/inpImage.ts:295
[   14383ms] [WARNING] Low-confidence digit read in (row=4,col=4) @ http://localhost:5173/src/image/inpImage.ts:295
[   14384ms] [WARNING] Low-confidence digit read in (row=4,col=5) @ http://localhost:5173/src/image/inpImage.ts:295
[   14384ms] [WARNING] Low-confidence digit read in (row=4,col=5) @ http://localhost:5173/src/image/inpImage.ts:295
[   14384ms] [WARNING] Low-confidence digit read in (row=4,col=6) @ http://localhost:5173/src/image/inpImage.ts:295
[   14384ms] [WARNING] Low-confidence digit read in (row=5,col=6) @ http://localhost:5173/src/image/inpImage.ts:295
[   14384ms] [WARNING] Low-confidence digit read in (row=5,col=6) @ http://localhost:5173/src/image/inpImage.ts:295
[   14385ms] [WARNING] Low-confidence digit read in (row=5,col=7) @ http://localhost:5173/src/image/inpImage.ts:295
[   14385ms] [WARNING] Low-confidence digit read in (row=6,col=0) @ http://localhost:5173/src/image/inpImage.ts:295
[   14385ms] [WARNING] Low-confidence digit read in (row=6,col=0) @ http://localhost:5173/src/image/inpImage.ts:295
[   14385ms] [WARNING] Low-confidence digit read in (row=6,col=2) @ http://localhost:5173/src/image/inpImage.ts:295
[   14386ms] [WARNING] Low-confidence digit read in (row=6,col=8) @ http://localhost:5173/src/image/inpImage.ts:295
[   14386ms] [WARNING] Low-confidence digit read in (row=6,col=8) @ http://localhost:5173/src/image/inpImage.ts:295
[   14386ms] [WARNING] Low-confidence digit read in (row=7,col=2) @ http://localhost:5173/src/image/inpImage.ts:295
[   14386ms] [WARNING] Low-confidence digit read in (row=7,col=4) @ http://localhost:5173/src/image/inpImage.ts:295
[   14386ms] [WARNING] Low-confidence digit read in (row=7,col=4) @ http://localhost:5173/src/image/inpImage.ts:295
[   14387ms] [WARNING] Low-confidence digit read in (row=7,col=6) @ http://localhost:5173/src/image/inpImage.ts:295
[   14387ms] [WARNING] Low-confidence digit read in (row=7,col=6) @ http://localhost:5173/src/image/inpImage.ts:295
[   14387ms] [WARNING] Low-confidence digit read in (row=8,col=0) @ http://localhost:5173/src/image/inpImage.ts:295
[   14387ms] [WARNING] Low-confidence digit read in (row=8,col=0) @ http://localhost:5173/src/image/inpImage.ts:295
[   14388ms] [WARNING] Low-confidence digit read in (row=8,col=7) @ http://localhost:5173/src/image/inpImage.ts:295
[   14405ms] [WARNING] Low-confidence digit read in (row=0,col=0) @ http://localhost:5173/src/image/inpImage.ts:295
[   14405ms] [WARNING] Low-confidence digit read in (row=0,col=1) @ http://localhost:5173/src/image/inpImage.ts:295
[   14405ms] [WARNING] Low-confidence digit read in (row=0,col=1) @ http://localhost:5173/src/image/inpImage.ts:295
[   14406ms] [WARNING] Low-confidence digit read in (row=0,col=4) @ http://localhost:5173/src/image/inpImage.ts:295
[   14406ms] [WARNING] Low-confidence digit read in (row=0,col=4) @ http://localhost:5173/src/image/inpImage.ts:295
[   14406ms] [WARNING] Low-confidence digit read in (row=0,col=6) @ http://localhost:5173/src/image/inpImage.ts:295
[   14406ms] [WARNING] Low-confidence digit read in (row=0,col=6) @ http://localhost:5173/src/image/inpImage.ts:295
[   14407ms] [WARNING] Low-confidence digit read in (row=0,col=7) @ http://localhost:5173/src/image/inpImage.ts:295
[   14407ms] [WARNING] Low-confidence digit read in (row=0,col=7) @ http://localhost:5173/src/image/inpImage.ts:295
[   14407ms] [WARNING] Low-confidence digit read in (row=1,col=2) @ http://localhost:5173/src/image/inpImage.ts:295
[   14407ms] [WARNING] Low-confidence digit read in (row=1,col=2) @ http://localhost:5173/src/image/inpImage.ts:295
[   14407ms] [WARNING] Low-confidence digit read in (row=1,col=4) @ http://localhost:5173/src/image/inpImage.ts:295
[   14408ms] [WARNING] Low-confidence digit read in (row=2,col=0) @ http://localhost:5173/src/image/inpImage.ts:295
[   14408ms] [WARNING] Low-confidence digit read in (row=2,col=0) @ http://localhost:5173/src/image/inpImage.ts:295
[   14408ms] [WARNING] Low-confidence digit read in (row=2,col=1) @ http://localhost:5173/src/image/inpImage.ts:295
[   14408ms] [WARNING] Low-confidence digit read in (row=2,col=1) @ http://localhost:5173/src/image/inpImage.ts:295
[   14408ms] [WARNING] Low-confidence digit read in (row=2,col=4) @ http://localhost:5173/src/image/inpImage.ts:295
[   14409ms] [WARNING] Low-confidence digit read in (row=2,col=6) @ http://localhost:5173/src/image/inpImage.ts:295
[   14409ms] [WARNING] Low-confidence digit read in (row=2,col=6) @ http://localhost:5173/src/image/inpImage.ts:295
[   14409ms] [WARNING] Low-confidence digit read in (row=2,col=7) @ http://localhost:5173/src/image/inpImage.ts:295
[   14409ms] [WARNING] Low-confidence digit read in (row=2,col=7) @ http://localhost:5173/src/image/inpImage.ts:295
[   14409ms] [WARNING] Low-confidence digit read in (row=3,col=2) @ http://localhost:5173/src/image/inpImage.ts:295
[   14411ms] [WARNING] Low-confidence digit read in (row=3,col=3) @ http://localhost:5173/src/image/inpImage.ts:295
[   14413ms] [WARNING] Low-confidence digit read in (row=4,col=0) @ http://localhost:5173/src/image/inpImage.ts:295
[   14413ms] [WARNING] Low-confidence digit read in (row=4,col=0) @ http://localhost:5173/src/image/inpImage.ts:295
[   14413ms] [WARNING] Low-confidence digit read in (row=4,col=1) @ http://localhost:5173/src/image/inpImage.ts:295
[   14413ms] [WARNING] Low-confidence digit read in (row=4,col=1) @ http://localhost:5173/src/image/inpImage.ts:295
[   14414ms] [WARNING] Low-confidence digit read in (row=4,col=3) @ http://localhost:5173/src/image/inpImage.ts:295
[   14414ms] [WARNING] Low-confidence digit read in (row=4,col=3) @ http://localhost:5173/src/image/inpImage.ts:295
[   14414ms] [WARNING] Low-confidence digit read in (row=4,col=4) @ http://localhost:5173/src/image/inpImage.ts:295
[   14414ms] [WARNING] Low-confidence digit read in (row=4,col=4) @ http://localhost:5173/src/image/inpImage.ts:295
[   14415ms] [WARNING] Low-confidence digit read in (row=4,col=5) @ http://localhost:5173/src/image/inpImage.ts:295
[   14415ms] [WARNING] Low-confidence digit read in (row=4,col=5) @ http://localhost:5173/src/image/inpImage.ts:295
[   14415ms] [WARNING] Low-confidence digit read in (row=4,col=6) @ http://localhost:5173/src/image/inpImage.ts:295
[   14415ms] [WARNING] Low-confidence digit read in (row=5,col=6) @ http://localhost:5173/src/image/inpImage.ts:295
[   14415ms] [WARNING] Low-confidence digit read in (row=5,col=6) @ http://localhost:5173/src/image/inpImage.ts:295
[   14416ms] [WARNING] Low-confidence digit read in (row=5,col=7) @ http://localhost:5173/src/image/inpImage.ts:295
[   14416ms] [WARNING] Low-confidence digit read in (row=6,col=0) @ http://localhost:5173/src/image/inpImage.ts:295
[   14416ms] [WARNING] Low-confidence digit read in (row=6,col=0) @ http://localhost:5173/src/image/inpImage.ts:295
[   14416ms] [WARNING] Low-confidence digit read in (row=6,col=2) @ http://localhost:5173/src/image/inpImage.ts:295
[   14417ms] [WARNING] Low-confidence digit read in (row=6,col=8) @ http://localhost:5173/src/image/inpImage.ts:295
[   14417ms] [WARNING] Low-confidence digit read in (row=6,col=8) @ http://localhost:5173/src/image/inpImage.ts:295
[   14417ms] [WARNING] Low-confidence digit read in (row=7,col=2) @ http://localhost:5173/src/image/inpImage.ts:295
[   14417ms] [WARNING] Low-confidence digit read in (row=7,col=4) @ http://localhost:5173/src/image/inpImage.ts:295
[   14417ms] [WARNING] Low-confidence digit read in (row=7,col=4) @ http://localhost:5173/src/image/inpImage.ts:295
[   14418ms] [WARNING] Low-confidence digit read in (row=7,col=6) @ http://localhost:5173/src/image/inpImage.ts:295
[   14418ms] [WARNING] Low-confidence digit read in (row=7,col=6) @ http://localhost:5173/src/image/inpImage.ts:295
[   14418ms] [WARNING] Low-confidence digit read in (row=8,col=0) @ http://localhost:5173/src/image/inpImage.ts:295
[   14418ms] [WARNING] Low-confidence digit read in (row=8,col=0) @ http://localhost:5173/src/image/inpImage.ts:295
[   14419ms] [WARNING] Low-confidence digit read in (row=8,col=7) @ http://localhost:5173/src/image/inpImage.ts:295
[   14435ms] [WARNING] Low-confidence digit read in (row=0,col=0) @ http://localhost:5173/src/image/inpImage.ts:295
[   14435ms] [WARNING] Low-confidence digit read in (row=0,col=1) @ http://localhost:5173/src/image/inpImage.ts:295
[   14435ms] [WARNING] Low-confidence digit read in (row=0,col=1) @ http://localhost:5173/src/image/inpImage.ts:295
[   14436ms] [WARNING] Low-confidence digit read in (row=0,col=4) @ http://localhost:5173/src/image/inpImage.ts:295
[   14436ms] [WARNING] Low-confidence digit read in (row=0,col=4) @ http://localhost:5173/src/image/inpImage.ts:295
[   14436ms] [WARNING] Low-confidence digit read in (row=0,col=6) @ http://localhost:5173/src/image/inpImage.ts:295
[   14436ms] [WARNING] Low-confidence digit read in (row=0,col=6) @ http://localhost:5173/src/image/inpImage.ts:295
[   14437ms] [WARNING] Low-confidence digit read in (row=0,col=7) @ http://localhost:5173/src/image/inpImage.ts:295
[   14437ms] [WARNING] Low-confidence digit read in (row=0,col=7) @ http://localhost:5173/src/image/inpImage.ts:295
[   14437ms] [WARNING] Low-confidence digit read in (row=1,col=2) @ http://localhost:5173/src/image/inpImage.ts:295
[   14437ms] [WARNING] Low-confidence digit read in (row=1,col=2) @ http://localhost:5173/src/image/inpImage.ts:295
[   14437ms] [WARNING] Low-confidence digit read in (row=1,col=4) @ http://localhost:5173/src/image/inpImage.ts:295
[   14438ms] [WARNING] Low-confidence digit read in (row=2,col=0) @ http://localhost:5173/src/image/inpImage.ts:295
[   14438ms] [WARNING] Low-confidence digit read in (row=2,col=0) @ http://localhost:5173/src/image/inpImage.ts:295
[   14438ms] [WARNING] Low-confidence digit read in (row=2,col=1) @ http://localhost:5173/src/image/inpImage.ts:295
[   14438ms] [WARNING] Low-confidence digit read in (row=2,col=1) @ http://localhost:5173/src/image/inpImage.ts:295
[   14438ms] [WARNING] Low-confidence digit read in (row=2,col=4) @ http://localhost:5173/src/image/inpImage.ts:295
[   14439ms] [WARNING] Low-confidence digit read in (row=2,col=6) @ http://localhost:5173/src/image/inpImage.ts:295
[   14439ms] [WARNING] Low-confidence digit read in (row=2,col=6) @ http://localhost:5173/src/image/inpImage.ts:295
[   14439ms] [WARNING] Low-confidence digit read in (row=2,col=7) @ http://localhost:5173/src/image/inpImage.ts:295
[   14440ms] [WARNING] Low-confidence digit read in (row=2,col=7) @ http://localhost:5173/src/image/inpImage.ts:295
[   14440ms] [WARNING] Low-confidence digit read in (row=3,col=2) @ http://localhost:5173/src/image/inpImage.ts:295
[   14440ms] [WARNING] Low-confidence digit read in (row=3,col=3) @ http://localhost:5173/src/image/inpImage.ts:295
[   14440ms] [WARNING] Low-confidence digit read in (row=4,col=0) @ http://localhost:5173/src/image/inpImage.ts:295
[   14440ms] [WARNING] Low-confidence digit read in (row=4,col=0) @ http://localhost:5173/src/image/inpImage.ts:295
[   14441ms] [WARNING] Low-confidence digit read in (row=4,col=1) @ http://localhost:5173/src/image/inpImage.ts:295
[   14441ms] [WARNING] Low-confidence digit read in (row=4,col=1) @ http://localhost:5173/src/image/inpImage.ts:295
[   14441ms] [WARNING] Low-confidence digit read in (row=4,col=3) @ http://localhost:5173/src/image/inpImage.ts:295
[   14441ms] [WARNING] Low-confidence digit read in (row=4,col=3) @ http://localhost:5173/src/image/inpImage.ts:295
[   14442ms] [WARNING] Low-confidence digit read in (row=4,col=4) @ http://localhost:5173/src/image/inpImage.ts:295
[   14442ms] [WARNING] Low-confidence digit read in (row=4,col=4) @ http://localhost:5173/src/image/inpImage.ts:295
[   14442ms] [WARNING] Low-confidence digit read in (row=4,col=5) @ http://localhost:5173/src/image/inpImage.ts:295
[   14442ms] [WARNING] Low-confidence digit read in (row=4,col=5) @ http://localhost:5173/src/image/inpImage.ts:295
[   14443ms] [WARNING] Low-confidence digit read in (row=4,col=6) @ http://localhost:5173/src/image/inpImage.ts:295
[   14443ms] [WARNING] Low-confidence digit read in (row=5,col=6) @ http://localhost:5173/src/image/inpImage.ts:295
[   14443ms] [WARNING] Low-confidence digit read in (row=5,col=6) @ http://localhost:5173/src/image/inpImage.ts:295
[   14443ms] [WARNING] Low-confidence digit read in (row=5,col=7) @ http://localhost:5173/src/image/inpImage.ts:295
[   14444ms] [WARNING] Low-confidence digit read in (row=6,col=0) @ http://localhost:5173/src/image/inpImage.ts:295
[   14444ms] [WARNING] Low-confidence digit read in (row=6,col=0) @ http://localhost:5173/src/image/inpImage.ts:295
[   14444ms] [WARNING] Low-confidence digit read in (row=6,col=2) @ http://localhost:5173/src/image/inpImage.ts:295
[   14444ms] [WARNING] Low-confidence digit read in (row=6,col=8) @ http://localhost:5173/src/image/inpImage.ts:295
[   14444ms] [WARNING] Low-confidence digit read in (row=6,col=8) @ http://localhost:5173/src/image/inpImage.ts:295
[   14445ms] [WARNING] Low-confidence digit read in (row=7,col=2) @ http://localhost:5173/src/image/inpImage.ts:295
[   14445ms] [WARNING] Low-confidence digit read in (row=7,col=4) @ http://localhost:5173/src/image/inpImage.ts:295
[   14445ms] [WARNING] Low-confidence digit read in (row=7,col=4) @ http://localhost:5173/src/image/inpImage.ts:295
[   14446ms] [WARNING] Low-confidence digit read in (row=7,col=6) @ http://localhost:5173/src/image/inpImage.ts:295
[   14446ms] [WARNING] Low-confidence digit read in (row=7,col=6) @ http://localhost:5173/src/image/inpImage.ts:295
[   14446ms] [WARNING] Low-confidence digit read in (row=8,col=0) @ http://localhost:5173/src/image/inpImage.ts:295
[   14446ms] [WARNING] Low-confidence digit read in (row=8,col=0) @ http://localhost:5173/src/image/inpImage.ts:295
[   14446ms] [WARNING] Low-confidence digit read in (row=8,col=7) @ http://localhost:5173/src/image/inpImage.ts:295
[  324236ms] [LOG] [CV] loading ./opencv.js @ http://localhost:5173/src/session/store.ts?t=1777660509847:34
[  324241ms] [LOG] [CV] progress fetch started, Content-Length: 4097780 @ http://localhost:5173/src/session/store.ts?t=1777660509847:59
[  324267ms] [LOG] [CV] script loaded, waiting for WASM init… @ http://localhost:5173/src/session/store.ts?t=1777660509847:39
[  324296ms] [LOG] [CV] ready @ http://localhost:5173/src/session/store.ts?t=1777660509847:42
[  345382ms] [LOG] [CV] loading ./opencv.js @ http://localhost:5173/src/session/store.ts?t=1777660531045:34
[  345388ms] [LOG] [CV] progress fetch started, Content-Length: 4097780 @ http://localhost:5173/src/session/store.ts?t=1777660531045:59
[  345412ms] [LOG] [CV] script loaded, waiting for WASM init… @ http://localhost:5173/src/session/store.ts?t=1777660531045:39
[  345424ms] [LOG] [CV] ready @ http://localhost:5173/src/session/store.ts?t=1777660531045:42
